<?xml version="1.0" encoding="UTF-8"?>
<!-- Generated by org.testng.reporters.JUnitXMLReporter -->
<testsuite hostname="pardeepkaur-Inspiron-5558" failures="1" tests="20" name="Test" time="76.465" errors="0" timestamp="1 Jul 2020 02:37:14 GMT">
  <testcase classname="TestScripts.NdtvTest" name="getApiResponse" time="1.42"/>
  <testcase classname="TestScripts.NdtvTest" name="testUI" time="10.979"/>
  <testcase classname="TestScripts.NdtvTest" name="contentTypeVerification" time="0.003"/>
  <testcase classname="TestScripts.NdtvTest" name="statusCodeVerification" time="0.002"/>
  <testcase classname="TestScripts.NdtvTest" name="getValidations" time="0.878"/>
  <testcase classname="TestScripts.NdtvTest" name="getApiResponse" time="0.143"/>
  <testcase classname="TestScripts.NdtvTest" name="testUI" time="10.955"/>
  <testcase classname="TestScripts.NdtvTest" name="contentTypeVerification" time="0.001"/>
  <testcase classname="TestScripts.NdtvTest" name="statusCodeVerification" time="0.002"/>
  <testcase classname="TestScripts.NdtvTest" name="getValidations" time="0.165"/>
  <testcase classname="TestScripts.NdtvTest" name="getApiResponse" time="0.105"/>
  <testcase classname="TestScripts.NdtvTest" name="testUI" time="37.562"/>
  <testcase classname="TestScripts.NdtvTest" name="contentTypeVerification" time="0.002"/>
  <testcase classname="TestScripts.NdtvTest" name="statusCodeVerification" time="0.001"/>
  <testcase classname="TestScripts.NdtvTest" name="getValidations" time="0.135"/>
  <testcase classname="TestScripts.NdtvTest" name="getApiResponse" time="0.117"/>
  <testcase classname="TestScripts.NdtvTest" name="testUI" time="9.884"/>
  <testcase classname="TestScripts.NdtvTest" name="contentTypeVerification" time="0.001"/>
  <testcase classname="TestScripts.NdtvTest" name="statusCodeVerification" time="0.001"/>
  <testcase classname="TestScripts.NdtvTest" name="getValidations" time="0.116">
    <failure type="java.lang.AssertionError" message="The following asserts failed:
windSpeed Mismatch">
      <![CDATA[java.lang.AssertionError: The following asserts failed:
windSpeed Mismatch
	at ReusableUtilities.DataManipulationMethods.comparator(DataManipulationMethods.java:118)
	at TestScripts.NdtvTest.getValidations(NdtvTest.java:108)
... Removed 25 stack frames]]>
    </failure>
  </testcase> <!-- getValidations -->
</testsuite> <!-- Test -->
