<?xml version="1.0" encoding="UTF-8"?>
<!-- Generated by org.testng.reporters.JUnitXMLReporter -->
<testsuite hostname="pardeepkaur-Inspiron-5558" failures="1" tests="5" name="Test" time="48.141" errors="0" timestamp="29 Jun 2020 01:22:52 GMT">
  <testcase classname="TestScripts.NdtvTest" name="getApiResponse" time="3.7"/>
  <testcase classname="TestScripts.NdtvTest" name="testUI" time="35.826"/>
  <testcase classname="TestScripts.NdtvTest" name="contentTypeVerification" time="0.003"/>
  <testcase classname="TestScripts.NdtvTest" name="statusCodeVerification" time="0.003"/>
  <testcase classname="TestScripts.NdtvTest" name="getValidations" time="2.082">
    <failure type="java.lang.ClassCastException" message="class java.lang.Float cannot be cast to class java.lang.Integer (java.lang.Float and java.lang.Integer are in module java.base of loader &amp;apos;bootstrap&amp;apos;)">
      <![CDATA[java.lang.ClassCastException: class java.lang.Float cannot be cast to class java.lang.Integer (java.lang.Float and java.lang.Integer are in module java.base of loader 'bootstrap')
	at TestScripts.WeatherDetailsAPI.getWindSpeed(WeatherDetailsAPI.java:55)
	at TestScripts.WeatherDetailsAPI.getApiDataForComparison(WeatherDetailsAPI.java:74)
	at TestScripts.NdtvTest.getValidations(NdtvTest.java:107)
... Removed 24 stack frames]]>
    </failure>
  </testcase> <!-- getValidations -->
</testsuite> <!-- Test -->
