<?xml version="1.0" encoding="UTF-8"?>
<testng-results total="5" passed="5" failed="0" skipped="0">
  <reporter-output>
  </reporter-output>
  <suite started-at="2020-06-29T18:54:49Z" name="Suite" finished-at="2020-06-29T18:55:11Z" duration-ms="22017">
    <groups>
    </groups>
    <test started-at="2020-06-29T18:54:49Z" name="Test" finished-at="2020-06-29T18:55:11Z" duration-ms="22017">
      <class name="TestScripts.NdtvTest">
        <test-method is-config="true" signature="setupUI()[pri:0, instance:TestScripts.NdtvTest@7bab3f1a]" started-at="2020-06-29T14:54:49Z" name="setupUI" finished-at="2020-06-29T14:54:57Z" duration-ms="8206" status="PASS">
          <reporter-output>
          </reporter-output>
        </test-method> <!-- setupUI -->
        <test-method signature="getApiResponse()[pri:0, instance:TestScripts.NdtvTest@7bab3f1a]" started-at="2020-06-29T14:54:57Z" name="getApiResponse" finished-at="2020-06-29T14:54:59Z" duration-ms="2201" status="PASS">
          <reporter-output>
          </reporter-output>
        </test-method> <!-- getApiResponse -->
        <test-method signature="testUI()[pri:0, instance:TestScripts.NdtvTest@7bab3f1a]" started-at="2020-06-29T14:54:59Z" name="testUI" finished-at="2020-06-29T14:55:10Z" duration-ms="10468" status="PASS">
          <reporter-output>
          </reporter-output>
        </test-method> <!-- testUI -->
        <test-method signature="contentTypeVerification()[pri:0, instance:TestScripts.NdtvTest@7bab3f1a]" started-at="2020-06-29T14:55:10Z" name="contentTypeVerification" finished-at="2020-06-29T14:55:10Z" depends-on-methods="TestScripts.NdtvTest.getApiResponse" duration-ms="2" status="PASS">
          <reporter-output>
          </reporter-output>
        </test-method> <!-- contentTypeVerification -->
        <test-method signature="statusCodeVerification()[pri:0, instance:TestScripts.NdtvTest@7bab3f1a]" started-at="2020-06-29T14:55:10Z" name="statusCodeVerification" finished-at="2020-06-29T14:55:10Z" depends-on-methods="TestScripts.NdtvTest.getApiResponse" duration-ms="1" status="PASS">
          <reporter-output>
          </reporter-output>
        </test-method> <!-- statusCodeVerification -->
        <test-method signature="getValidations()[pri:0, instance:TestScripts.NdtvTest@7bab3f1a]" started-at="2020-06-29T14:55:10Z" name="getValidations" finished-at="2020-06-29T14:55:11Z" depends-on-methods="TestScripts.NdtvTest.testUI, TestScripts.NdtvTest.getApiResponse" duration-ms="1108" status="PASS">
          <reporter-output>
          </reporter-output>
        </test-method> <!-- getValidations -->
      </class> <!-- TestScripts.NdtvTest -->
    </test> <!-- Test -->
  </suite> <!-- Suite -->
</testng-results>
