<?xml version="1.0" encoding="UTF-8"?>
<testng-results total="5" passed="5" failed="0" skipped="0">
  <reporter-output>
  </reporter-output>
  <suite started-at="2020-06-29T01:32:35Z" name="Default suite" finished-at="2020-06-29T01:33:22Z" duration-ms="46932">
    <groups>
    </groups>
    <test started-at="2020-06-29T01:32:35Z" name="Default test" finished-at="2020-06-29T01:33:22Z" duration-ms="46932">
      <class name="TestScripts.NdtvTest">
        <test-method is-config="true" signature="setupUI()[pri:0, instance:TestScripts.NdtvTest@7bab3f1a]" started-at="2020-06-28T21:32:35Z" name="setupUI" finished-at="2020-06-28T21:32:42Z" duration-ms="6475" status="PASS">
          <reporter-output>
          </reporter-output>
        </test-method> <!-- setupUI -->
        <test-method signature="getApiResponse()[pri:0, instance:TestScripts.NdtvTest@7bab3f1a]" started-at="2020-06-28T21:32:42Z" name="getApiResponse" finished-at="2020-06-28T21:32:45Z" duration-ms="2887" status="PASS">
          <reporter-output>
          </reporter-output>
        </test-method> <!-- getApiResponse -->
        <test-method signature="testUI()[pri:0, instance:TestScripts.NdtvTest@7bab3f1a]" started-at="2020-06-28T21:32:45Z" name="testUI" finished-at="2020-06-28T21:33:20Z" duration-ms="35437" status="PASS">
          <reporter-output>
          </reporter-output>
        </test-method> <!-- testUI -->
        <test-method signature="contentTypeVerification()[pri:0, instance:TestScripts.NdtvTest@7bab3f1a]" started-at="2020-06-28T21:33:20Z" name="contentTypeVerification" finished-at="2020-06-28T21:33:20Z" depends-on-methods="TestScripts.NdtvTest.getApiResponse" duration-ms="5" status="PASS">
          <reporter-output>
          </reporter-output>
        </test-method> <!-- contentTypeVerification -->
        <test-method signature="statusCodeVerification()[pri:0, instance:TestScripts.NdtvTest@7bab3f1a]" started-at="2020-06-28T21:33:20Z" name="statusCodeVerification" finished-at="2020-06-28T21:33:20Z" depends-on-methods="TestScripts.NdtvTest.getApiResponse" duration-ms="5" status="PASS">
          <reporter-output>
          </reporter-output>
        </test-method> <!-- statusCodeVerification -->
        <test-method signature="getValidations()[pri:0, instance:TestScripts.NdtvTest@7bab3f1a]" started-at="2020-06-28T21:33:20Z" name="getValidations" finished-at="2020-06-28T21:33:22Z" depends-on-methods="TestScripts.NdtvTest.testUI, TestScripts.NdtvTest.getApiResponse" duration-ms="2067" status="PASS">
          <reporter-output>
          </reporter-output>
        </test-method> <!-- getValidations -->
      </class> <!-- TestScripts.NdtvTest -->
    </test> <!-- Default test -->
  </suite> <!-- Default suite -->
</testng-results>
